<?xml version="1.0" encoding="UTF-8"?>
<testsuite xmlns:xsi="http://www.w3.org/2001/XMLSchema-instance" xsi:noNamespaceSchemaLocation="https://maven.apache.org/surefire/maven-surefire-plugin/xsd/surefire-test-report-3.0.xsd" version="3.0" name="com.fractalcommunication.ConversationStateImplTest" time="0.003" tests="5" errors="0" skipped="0" failures="0">
  <properties>
[...]
</properties>
  <testcase name="testGetHistory" classname="com.fractalcommunication.ConversationStateImplTest" time="0.0"/>
  <testcase name="testGetContext" classname="com.fractalcommunication.ConversationStateImplTest" time="0.001"/>
  <testcase name="testUpdateHistory" classname="com.fractalcommunication.ConversationStateImplTest" time="0.001"/>
  <testcase name="testGetUserInput" classname="com.fractalcommunication.ConversationStateImplTest" time="0.001"/>
  <testcase name="testGetUserProfile" classname="com.fractalcommunication.ConversationStateImplTest" time="0.0"/>
</testsuite>